# JRE version: OpenJDK Runtime Environment Microsoft-8035246 (17.0.8+7) (build 17.0.8+7-LTS)
# Java VM: OpenJDK 64-Bit Server VM Microsoft-8035246 (17.0.8+7-LTS, mixed mode, sharing, tiered, compressed oops, compressed class ptrs, g1 gc, windows-amd64)
GC Precious Log:
 CPUs: 8 total, 8 available
 Memory: 7967M
 Large Page Support: Disabled
 NUMA Support: Disabled
 Compressed Oops: Enabled (32-bit)
 Heap Region Size: 1M
 Heap Min Capacity: 8M
 Heap Initial Capacity: 126M
 Heap Max Capacity: 2G
 Pre-touch: Disabled
 Parallel Workers: 8
 Concurrent Workers: 2
 Concurrent Refinement Workers: 8
 Periodic GC: Disabled
Heap:
 garbage-first heap   total 398336K, used 301980K [0x0000000080000000, 0x0000000100000000)
  region size 1024K, 71 young (72704K), 8 survivors (8192K)
 Metaspace       used 113885K, committed 115200K, reserved 557056K
  class space    used 15703K, committed 16320K, reserved 425984K
GC Heap History (20 events):
Event: 23.512 GC heap before
{Heap before GC invocations=43 (full 0):
 garbage-first heap   total 168960K, used 125152K [0x0000000080000000, 0x0000000100000000)
  region size 1024K, 34 young (34816K), 4 survivors (4096K)
 Metaspace       used 81665K, committed 82432K, reserved 557056K
  class space    used 11270K, committed 11648K, reserved 425984K
}
Event: 23.516 GC heap after
{Heap after GC invocations=44 (full 0):
 garbage-first heap   total 168960K, used 93961K [0x0000000080000000, 0x0000000100000000)
  region size 1024K, 2 young (2048K), 2 survivors (2048K)
 Metaspace       used 81665K, committed 82432K, reserved 557056K
  class space    used 11270K, committed 11648K, reserved 425984K
}
Event: 23.573 GC heap before
{Heap before GC invocations=44 (full 0):
 garbage-first heap   total 168960K, used 100105K [0x0000000080000000, 0x0000000100000000)
  region size 1024K, 8 young (8192K), 2 survivors (2048K)
 Metaspace       used 82160K, committed 82944K, reserved 557056K
  class space    used 11334K, committed 11712K, reserved 425984K
}
Event: 23.575 GC heap after
{Heap after GC invocations=45 (full 0):
 garbage-first heap   total 168960K, used 93611K [0x0000000080000000, 0x0000000100000000)
  region size 1024K, 1 young (1024K), 1 survivors (1024K)
 Metaspace       used 82160K, committed 82944K, reserved 557056K
  class space    used 11334K, committed 11712K, reserved 425984K
}
Event: 23.917 GC heap before
{Heap before GC invocations=45 (full 0):
 garbage-first heap   total 168960K, used 134571K [0x0000000080000000, 0x0000000100000000)
  region size 1024K, 41 young (41984K), 1 survivors (1024K)
 Metaspace       used 83567K, committed 84352K, reserved 557056K
  class space    used 11529K, committed 11904K, reserved 425984K
}
Event: 23.923 GC heap after
{Heap after GC invocations=46 (full 0):
 garbage-first heap   total 398336K, used 96028K [0x0000000080000000, 0x0000000100000000)
  region size 1024K, 3 young (3072K), 3 survivors (3072K)
 Metaspace       used 83567K, committed 84352K, reserved 557056K
  class space    used 11529K, committed 11904K, reserved 425984K
}
Event: 31.346 GC heap before
{Heap before GC invocations=46 (full 0):
 garbage-first heap   total 398336K, used 275228K [0x0000000080000000, 0x0000000100000000)
  region size 1024K, 178 young (182272K), 3 survivors (3072K)
 Metaspace       used 93367K, committed 94144K, reserved 557056K
  class space    used 13035K, committed 13440K, reserved 425984K
}
Event: 31.360 GC heap after
{Heap after GC invocations=47 (full 0):
 garbage-first heap   total 398336K, used 105834K [0x0000000080000000, 0x0000000100000000)
  region size 1024K, 13 young (13312K), 13 survivors (13312K)
 Metaspace       used 93367K, committed 94144K, reserved 557056K
  class space    used 13035K, committed 13440K, reserved 425984K
}
Event: 34.406 GC heap before
{Heap before GC invocations=47 (full 0):
 garbage-first heap   total 398336K, used 307562K [0x0000000080000000, 0x0000000100000000)
  region size 1024K, 202 young (206848K), 13 survivors (13312K)
 Metaspace       used 99706K, committed 100800K, reserved 557056K
  class space    used 13875K, committed 14400K, reserved 425984K
}
Event: 34.519 GC heap after
{Heap after GC invocations=48 (full 0):
 garbage-first heap   total 398336K, used 152403K [0x0000000080000000, 0x0000000100000000)
  region size 1024K, 26 young (26624K), 26 survivors (26624K)
 Metaspace       used 99706K, committed 100800K, reserved 557056K
  class space    used 13875K, committed 14400K, reserved 425984K
}
Event: 35.841 GC heap before
{Heap before GC invocations=48 (full 0):
 garbage-first heap   total 398336K, used 302931K [0x0000000080000000, 0x0000000100000000)
  region size 1024K, 173 young (177152K), 26 survivors (26624K)
 Metaspace       used 104171K, committed 105280K, reserved 557056K
  class space    used 14505K, committed 15040K, reserved 425984K
}
Event: 35.880 GC heap after
{Heap after GC invocations=49 (full 0):
 garbage-first heap   total 398336K, used 170784K [0x0000000080000000, 0x0000000100000000)
  region size 1024K, 17 young (17408K), 17 survivors (17408K)
 Metaspace       used 104171K, committed 105280K, reserved 557056K
  class space    used 14505K, committed 15040K, reserved 425984K
}
Event: 37.410 GC heap before
{Heap before GC invocations=49 (full 0):
 garbage-first heap   total 398336K, used 311072K [0x0000000080000000, 0x0000000100000000)
  region size 1024K, 151 young (154624K), 17 survivors (17408K)
 Metaspace       used 105932K, committed 107136K, reserved 557056K
  class space    used 14732K, committed 15296K, reserved 425984K
}
Event: 37.435 GC heap after
{Heap after GC invocations=50 (full 0):
 garbage-first heap   total 398336K, used 197632K [0x0000000080000000, 0x0000000100000000)
  region size 1024K, 19 young (19456K), 19 survivors (19456K)
 Metaspace       used 105932K, committed 107136K, reserved 557056K
  class space    used 14732K, committed 15296K, reserved 425984K
}
Event: 39.151 GC heap before
{Heap before GC invocations=50 (full 0):
 garbage-first heap   total 398336K, used 309248K [0x0000000080000000, 0x0000000100000000)
  region size 1024K, 128 young (131072K), 19 survivors (19456K)
 Metaspace       used 110084K, committed 111360K, reserved 557056K
  class space    used 15273K, committed 15872K, reserved 425984K
}
Event: 39.178 GC heap after
{Heap after GC invocations=51 (full 0):
 garbage-first heap   total 398336K, used 213998K [0x0000000080000000, 0x0000000100000000)
  region size 1024K, 14 young (14336K), 14 survivors (14336K)
 Metaspace       used 110084K, committed 111360K, reserved 557056K
  class space    used 15273K, committed 15872K, reserved 425984K
}
Event: 40.346 GC heap before
{Heap before GC invocations=51 (full 0):
 garbage-first heap   total 398336K, used 319470K [0x0000000080000000, 0x0000000100000000)
  region size 1024K, 113 young (115712K), 14 survivors (14336K)
 Metaspace       used 112312K, committed 113664K, reserved 557056K
  class space    used 15448K, committed 16064K, reserved 425984K
}
Event: 40.372 GC heap after
{Heap after GC invocations=52 (full 0):
 garbage-first heap   total 398336K, used 226486K [0x0000000080000000, 0x0000000100000000)
  region size 1024K, 13 young (13312K), 13 survivors (13312K)
 Metaspace       used 112312K, committed 113664K, reserved 557056K
  class space    used 15448K, committed 16064K, reserved 425984K
}
Event: 41.713 GC heap before
{Heap before GC invocations=52 (full 0):
 garbage-first heap   total 398336K, used 318646K [0x0000000080000000, 0x0000000100000000)
  region size 1024K, 104 young (106496K), 13 survivors (13312K)
 Metaspace       used 113874K, committed 115200K, reserved 557056K
  class space    used 15702K, committed 16320K, reserved 425984K
}
Event: 41.736 GC heap after
{Heap after GC invocations=53 (full 0):
 garbage-first heap   total 398336K, used 234396K [0x0000000080000000, 0x0000000100000000)
  region size 1024K, 8 young (8192K), 8 survivors (8192K)
 Metaspace       used 113874K, committed 115200K, reserved 557056K
  class space    used 15702K, committed 16320K, reserved 425984K
}

